<?xml version="1.0" encoding="UTF-8"?>
<!-- Generated by org.testng.reporters.JUnitReportReporter -->
<testsuite hostname="IE4LLTBZN4PQ2" failures="0" tests="1" name="awsApiChaining.EndToEndTest" time="7.970" errors="0" timestamp="05 Jun 2022 05:02:34 GMT" skipped="0">
  <testcase classname="awsApiChaining.EndToEndTest" name="test" time="7.970"/>
</testsuite> <!-- awsApiChaining.EndToEndTest -->
